<?xml version="1.0" encoding="UTF-8"?>
<testsuite xmlns:xsi="http://www.w3.org/2001/XMLSchema-instance" xsi:noNamespaceSchemaLocation="https://maven.apache.org/surefire/maven-surefire-plugin/xsd/surefire-test-report-3.0.xsd" version="3.0" name="com.api.test.TestRunner" time="3.743" tests="2" errors="2" skipped="0" failures="0">
  <properties>
[...]
</properties>
  <testcase name="Create a new user and validate the response" classname="User API Testing with Data-Driven" time="0.31">
    <error message="Duplicate step definitions in com.api.stepdefinition.API_StepDefinitions.setUserId(java.lang.String) and com.api.stepdefinition.API_StepDefinitions.theUserIdIs(java.lang.String)" type="io.cucumber.core.runner.DuplicateStepDefinitionException">io.cucumber.core.runner.DuplicateStepDefinitionException: Duplicate step definitions in com.api.stepdefinition.API_StepDefinitions.setUserId(java.lang.String) and com.api.stepdefinition.API_StepDefinitions.theUserIdIs(java.lang.String)
</error>
    <system-err><![CDATA[log4j:ERROR Could not find value for key log4j.appender.HTML
log4j:ERROR Could not instantiate appender named "HTML".
]]></system-err>
  </testcase>
  <testcase name="com.api.test.TestRunner" classname="org.apache.maven.surefire.junit4.JUnit4Provider" time="1.575">
    <error type="org.junit.runner.notification.StoppedByUserException">org.junit.runner.notification.StoppedByUserException
	at org.apache.maven.surefire.junit4.JUnit4Provider.execute(JUnit4Provider.java:365)
	at org.apache.maven.surefire.junit4.JUnit4Provider.executeWithRerun(JUnit4Provider.java:273)
	at org.apache.maven.surefire.junit4.JUnit4Provider.executeTestSet(JUnit4Provider.java:238)
	at org.apache.maven.surefire.junit4.JUnit4Provider.invoke(JUnit4Provider.java:159)
</error>
    <system-err><![CDATA[Oct 17, 2024 7:23:02 PM tech.grasshopper.pdf.PDFCucumberReport collectReportConfiguration
INFO: PDF report configuration YAML file not found. Using default settings.
Oct 17, 2024 7:23:02 PM tech.grasshopper.pdf.extent.ExtentPDFCucumberReporter flush
SEVERE: An exception occurred
tech.grasshopper.pdf.exception.PdfReportException: No features present in test execution.
	at tech.grasshopper.pdf.data.ReportData.populateCounts(ReportData.java:68)
	at tech.grasshopper.pdf.data.ReportData.populateSectionData(ReportData.java:59)
	at tech.grasshopper.pdf.PDFCucumberReport.<init>(PDFCucumberReport.java:70)
	at tech.grasshopper.pdf.extent.ExtentPDFCucumberReporter.flush(ExtentPDFCucumberReporter.java:86)
	at tech.grasshopper.pdf.extent.ExtentPDFCucumberReporter.access$100(ExtentPDFCucumberReporter.java:19)
	at tech.grasshopper.pdf.extent.ExtentPDFCucumberReporter$1.onNext(ExtentPDFCucumberReporter.java:62)
	at tech.grasshopper.pdf.extent.ExtentPDFCucumberReporter$1.onNext(ExtentPDFCucumberReporter.java:55)
	at io.reactivex.rxjava3.subjects.PublishSubject$PublishDisposable.onNext(PublishSubject.java:310)
	at io.reactivex.rxjava3.subjects.PublishSubject.onNext(PublishSubject.java:226)
	at com.aventstack.extentreports.ReactiveSubject.onFlush(ReactiveSubject.java:83)
	at com.aventstack.extentreports.AbstractProcessor.onFlush(AbstractProcessor.java:85)
	at com.aventstack.extentreports.ExtentReports.flush(ExtentReports.java:279)
	at com.aventstack.extentreports.cucumber.adapter.ExtentCucumberAdapter.finishReport(ExtentCucumberAdapter.java:300)
	at com.aventstack.extentreports.cucumber.adapter.ExtentCucumberAdapter.access$600(ExtentCucumberAdapter.java:62)
	at com.aventstack.extentreports.cucumber.adapter.ExtentCucumberAdapter$8.receive(ExtentCucumberAdapter.java:136)
	at com.aventstack.extentreports.cucumber.adapter.ExtentCucumberAdapter$8.receive(ExtentCucumberAdapter.java:133)
	at io.cucumber.core.eventbus.AbstractEventPublisher.send(AbstractEventPublisher.java:51)
	at io.cucumber.core.eventbus.AbstractEventBus.send(AbstractEventBus.java:12)
	at io.cucumber.core.runtime.CucumberExecutionContext.emitTestRunFinished(CucumberExecutionContext.java:93)
	at io.cucumber.core.runtime.CucumberExecutionContext.finishTestRun(CucumberExecutionContext.java:74)
	at io.cucumber.junit.Cucumber$RunCucumber.evaluate(Cucumber.java:236)
	at org.junit.runners.ParentRunner$3.evaluate(ParentRunner.java:306)
	at org.junit.runners.ParentRunner.run(ParentRunner.java:413)
	at org.apache.maven.surefire.junit4.JUnit4Provider.execute(JUnit4Provider.java:365)
	at org.apache.maven.surefire.junit4.JUnit4Provider.executeWithRerun(JUnit4Provider.java:273)
	at org.apache.maven.surefire.junit4.JUnit4Provider.executeTestSet(JUnit4Provider.java:238)
	at org.apache.maven.surefire.junit4.JUnit4Provider.invoke(JUnit4Provider.java:159)
	at org.apache.maven.surefire.booter.ForkedBooter.invokeProviderInSameClassLoader(ForkedBooter.java:384)
	at org.apache.maven.surefire.booter.ForkedBooter.runSuitesInProcess(ForkedBooter.java:345)
	at org.apache.maven.surefire.booter.ForkedBooter.execute(ForkedBooter.java:126)
	at org.apache.maven.surefire.booter.ForkedBooter.main(ForkedBooter.java:418)

]]></system-err>
  </testcase>
</testsuite>